C:\Users\carlos\documents\visual studio 2010\Projects\crashme\crashme\Debug\cl.command.1.tlog
C:\Users\carlos\documents\visual studio 2010\Projects\crashme\crashme\Debug\CL.read.1.tlog
C:\Users\carlos\documents\visual studio 2010\Projects\crashme\crashme\Debug\CL.write.1.tlog
C:\USERS\CARLOS\DOCUMENTS\VISUAL STUDIO 2010\PROJECTS\CRASHME\CRASHME\DEBUG\CRASHME.EXE.INTERMEDIATE.MANIFEST
C:\USERS\CARLOS\DOCUMENTS\VISUAL STUDIO 2010\PROJECTS\CRASHME\CRASHME\DEBUG\CRASHME.OBJ
C:\USERS\CARLOS\DOCUMENTS\VISUAL STUDIO 2010\PROJECTS\CRASHME\CRASHME\DEBUG\CRASHME.RES
C:\Users\carlos\documents\visual studio 2010\Projects\crashme\crashme\Debug\crashme.vcxprojResolveAssemblyReference.cache
C:\Users\carlos\documents\visual studio 2010\Projects\crashme\crashme\Debug\crashme.write.1.tlog
C:\Users\carlos\documents\visual studio 2010\Projects\crashme\crashme\Debug\custombuild.command.1.tlog
C:\Users\carlos\documents\visual studio 2010\Projects\crashme\crashme\Debug\custombuild.read.1.tlog
C:\Users\carlos\documents\visual studio 2010\Projects\crashme\crashme\Debug\custombuild.write.1.tlog
C:\Users\carlos\documents\visual studio 2010\Projects\crashme\crashme\Debug\link.command.1.tlog
C:\Users\carlos\documents\visual studio 2010\Projects\crashme\crashme\Debug\link.read.1.tlog
C:\Users\carlos\documents\visual studio 2010\Projects\crashme\crashme\Debug\link.write.1.tlog
C:\Users\carlos\documents\visual studio 2010\Projects\crashme\crashme\Debug\link-cvtres.read.1.tlog
C:\Users\carlos\documents\visual studio 2010\Projects\crashme\crashme\Debug\link-cvtres.write.1.tlog
C:\USERS\CARLOS\DOCUMENTS\VISUAL STUDIO 2010\PROJECTS\CRASHME\CRASHME\DEBUG\MAIN.OBJ
C:\USERS\CARLOS\DOCUMENTS\VISUAL STUDIO 2010\PROJECTS\CRASHME\CRASHME\DEBUG\MOC_CRASHME.OBJ
C:\Users\carlos\documents\visual studio 2010\Projects\crashme\crashme\Debug\mt.command.1.tlog
C:\Users\carlos\documents\visual studio 2010\Projects\crashme\crashme\Debug\mt.read.1.tlog
C:\Users\carlos\documents\visual studio 2010\Projects\crashme\crashme\Debug\mt.write.1.tlog
C:\USERS\CARLOS\DOCUMENTS\VISUAL STUDIO 2010\PROJECTS\CRASHME\CRASHME\DEBUG\QRC_CRASHME.OBJ
C:\Users\carlos\documents\visual studio 2010\Projects\crashme\crashme\Debug\rc.command.1.tlog
C:\Users\carlos\documents\visual studio 2010\Projects\crashme\crashme\Debug\rc.read.1.tlog
C:\Users\carlos\documents\visual studio 2010\Projects\crashme\crashme\Debug\rc.write.1.tlog
C:\USERS\CARLOS\DOCUMENTS\VISUAL STUDIO 2010\PROJECTS\CRASHME\CRASHME\DEBUG\VC100.PDB
C:\USERS\CARLOS\DOCUMENTS\VISUAL STUDIO 2010\PROJECTS\CRASHME\CRASHME\GENERATEDFILES\DEBUG\MOC_CRASHME.CPP
C:\USERS\CARLOS\DOCUMENTS\VISUAL STUDIO 2010\PROJECTS\CRASHME\CRASHME\GENERATEDFILES\QRC_CRASHME.CPP
C:\USERS\CARLOS\DOCUMENTS\VISUAL STUDIO 2010\PROJECTS\CRASHME\CRASHME\GENERATEDFILES\UI_CRASHME.H
C:\USERS\CARLOS\DOCUMENTS\VISUAL STUDIO 2010\PROJECTS\CRASHME\WIN32\DEBUG\CRASHME.EXE
C:\USERS\CARLOS\DOCUMENTS\VISUAL STUDIO 2010\PROJECTS\CRASHME\WIN32\DEBUG\CRASHME.ILK
C:\USERS\CARLOS\DOCUMENTS\VISUAL STUDIO 2010\PROJECTS\CRASHME\WIN32\DEBUG\CRASHME.PDB
